[debug] [2023-05-26T21:07:37.602Z] ----------------------------------------------------------------------
[debug] [2023-05-26T21:07:37.606Z] Command:       C:\Program Files\nodejs\node.exe C:\Users\aubair.akif\AppData\Roaming\npm\node_modules\firebase-tools\lib\bin\firebase.js emulators:start
[debug] [2023-05-26T21:07:37.607Z] CLI Version:   12.2.1
[debug] [2023-05-26T21:07:37.607Z] Platform:      win32
[debug] [2023-05-26T21:07:37.608Z] Node Version:  v18.12.1
[debug] [2023-05-26T21:07:37.610Z] Time:          Sat May 27 2023 02:07:37 GMT+0500 (Pakistan Standard Time)
[debug] [2023-05-26T21:07:37.611Z] ----------------------------------------------------------------------
[debug] 
[debug] [2023-05-26T21:07:37.946Z] > command requires scopes: ["email","openid","https://www.googleapis.com/auth/cloudplatformprojects.readonly","https://www.googleapis.com/auth/firebase","https://www.googleapis.com/auth/cloud-platform"]
[debug] [2023-05-26T21:07:37.949Z] > authorizing via signed-in user (aubair.akif.dev1998@gmail.com)
[info] i  emulators: Starting emulators: functions, hosting {"metadata":{"emulator":{"name":"hub"},"message":"Starting emulators: functions, hosting"}}
[debug] [2023-05-26T21:07:38.003Z] [logging] Logging Emulator only supports listening on one address (127.0.0.1). Not listening on ::1
[debug] [2023-05-26T21:07:38.004Z] [hosting] Hosting Emulator only supports listening on one address (127.0.0.1). Not listening on ::1
[debug] [2023-05-26T21:07:38.005Z] assigned listening specs for emulators {"user":{"hub":[{"address":"127.0.0.1","family":"IPv4","port":4400},{"address":"::1","family":"IPv6","port":4400}],"ui":[{"address":"127.0.0.1","family":"IPv4","port":4000},{"address":"::1","family":"IPv6","port":4000}],"logging":[{"address":"127.0.0.1","family":"IPv4","port":4500}],"hosting":[{"address":"127.0.0.1","family":"IPv4","port":5000}]},"metadata":{"message":"assigned listening specs for emulators"}}
[debug] [2023-05-26T21:07:38.041Z] [hub] writing locator at C:\Users\AUBAIR~1.AKI\AppData\Local\Temp\hub-clone-f6602.json
[debug] [2023-05-26T21:07:38.094Z] [functions] Functions Emulator only supports listening on one address (127.0.0.1). Not listening on ::1
[debug] [2023-05-26T21:07:38.094Z] [eventarc] Eventarc Emulator only supports listening on one address (127.0.0.1). Not listening on ::1
[debug] [2023-05-26T21:07:38.094Z] late-assigned ports for functions and eventarc emulators {"user":{"hub":[{"address":"127.0.0.1","family":"IPv4","port":4400},{"address":"::1","family":"IPv6","port":4400}],"ui":[{"address":"127.0.0.1","family":"IPv4","port":4000},{"address":"::1","family":"IPv6","port":4000}],"logging":[{"address":"127.0.0.1","family":"IPv4","port":4500}],"hosting":[{"address":"127.0.0.1","family":"IPv4","port":5000}],"functions":[{"address":"127.0.0.1","family":"IPv4","port":5001}],"eventarc":[{"address":"127.0.0.1","family":"IPv4","port":9299}]},"metadata":{"message":"late-assigned ports for functions and eventarc emulators"}}
[warn] !  functions: The following emulators are not running, calls to these services from the Functions emulator will affect production: auth, firestore, database, pubsub, storage {"metadata":{"emulator":{"name":"functions"},"message":"The following emulators are not running, calls to these services from the Functions emulator will affect production: \u001b[1mauth, firestore, database, pubsub, storage\u001b[22m"}}
[debug] [2023-05-26T21:07:38.106Z] defaultcredentials: writing to file C:\Users\aubair.akif\AppData\Roaming\firebase\aubair_akif.dev1998_gmail.com_application_default_credentials.json
[debug] [2023-05-26T21:07:38.121Z] Setting GAC to C:\Users\aubair.akif\AppData\Roaming\firebase\aubair_akif.dev1998_gmail.com_application_default_credentials.json {"metadata":{"emulator":{"name":"functions"},"message":"Setting GAC to C:\\Users\\aubair.akif\\AppData\\Roaming\\firebase\\aubair_akif.dev1998_gmail.com_application_default_credentials.json"}}
[debug] [2023-05-26T21:07:38.129Z] >>> [apiv2][query] GET https://firebase.googleapis.com/v1beta1/projects/clone-f6602/adminSdkConfig [none]
[debug] [2023-05-26T21:07:38.962Z] <<< [apiv2][status] GET https://firebase.googleapis.com/v1beta1/projects/clone-f6602/adminSdkConfig 200
[debug] [2023-05-26T21:07:38.963Z] <<< [apiv2][body] GET https://firebase.googleapis.com/v1beta1/projects/clone-f6602/adminSdkConfig {"projectId":"clone-f6602","storageBucket":"clone-f6602.appspot.com"}
[debug] [2023-05-26T21:07:38.995Z] >>> [apiv2][query] GET https://firebasehosting.googleapis.com/v1beta1/projects/clone-f6602/sites 
[debug] [2023-05-26T21:07:41.222Z] <<< [apiv2][status] GET https://firebasehosting.googleapis.com/v1beta1/projects/clone-f6602/sites 200
[debug] [2023-05-26T21:07:41.222Z] <<< [apiv2][body] GET https://firebasehosting.googleapis.com/v1beta1/projects/clone-f6602/sites {"sites":[{"name":"projects/clone-f6602/sites/clone-f6602","defaultUrl":"https://clone-f6602.web.app","appId":"1:330593375445:web:8166e6401ff7b08717fe5c","type":"DEFAULT_SITE"}]}
[debug] [2023-05-26T21:07:41.223Z] >>> [apiv2][query] GET https://firebase.googleapis.com/v1beta1/projects/clone-f6602/webApps/1:330593375445:web:8166e6401ff7b08717fe5c/config [none]
[debug] [2023-05-26T21:07:42.522Z] <<< [apiv2][status] GET https://firebase.googleapis.com/v1beta1/projects/clone-f6602/webApps/1:330593375445:web:8166e6401ff7b08717fe5c/config 200
[debug] [2023-05-26T21:07:42.522Z] <<< [apiv2][body] GET https://firebase.googleapis.com/v1beta1/projects/clone-f6602/webApps/1:330593375445:web:8166e6401ff7b08717fe5c/config {"projectId":"clone-f6602","appId":"1:330593375445:web:8166e6401ff7b08717fe5c","storageBucket":"clone-f6602.appspot.com","apiKey":"AIzaSyDemd9Xvcvmbkp3Uyq0xoHpSKNV9iI4TDw","authDomain":"clone-f6602.firebaseapp.com","messagingSenderId":"330593375445","measurementId":"G-DXHH5QKQEG"}
[debug] [2023-05-26T21:07:42.533Z] >>> [apiv2][query] GET https://firebase.googleapis.com/v1beta1/projects/clone-f6602 [none]
[debug] [2023-05-26T21:07:43.142Z] <<< [apiv2][status] GET https://firebase.googleapis.com/v1beta1/projects/clone-f6602 200
[debug] [2023-05-26T21:07:43.142Z] <<< [apiv2][body] GET https://firebase.googleapis.com/v1beta1/projects/clone-f6602 {"projectId":"clone-f6602","projectNumber":"330593375445","displayName":"Amazon-Clone","name":"projects/clone-f6602","resources":{"hostingSite":"clone-f6602"},"state":"ACTIVE","etag":"1_ac246f6c-057d-40e8-b92d-cf493b647e67"}
[info] i  hosting[clone-f6602]: Serving hosting files from: build {"metadata":{"emulator":{"name":"hosting"},"message":"Serving hosting files from: \u001b[1mbuild\u001b[22m"}}
[info] +  hosting[clone-f6602]: Local server: http://127.0.0.1:5000 {"metadata":{"emulator":{"name":"hosting"},"message":"Local server: \u001b[4m\u001b[1mhttp://127.0.0.1:5000\u001b[22m\u001b[24m"}}
[info] i  ui: downloading ui-v1.11.6.zip... {"metadata":{"emulator":{"name":"ui"},"message":"downloading ui-v1.11.6.zip..."}}
[debug] [2023-05-26T21:07:43.209Z] >>> [apiv2][query] GET https://storage.googleapis.com/firebase-preview-drop/emulator/ui-v1.11.6.zip 
[debug] [2023-05-26T21:07:44.637Z] <<< [apiv2][status] GET https://storage.googleapis.com/firebase-preview-drop/emulator/ui-v1.11.6.zip 200
[debug] [2023-05-26T21:07:44.637Z] <<< [apiv2][body] GET https://storage.googleapis.com/firebase-preview-drop/emulator/ui-v1.11.6.zip [stream]
[debug] [2023-05-26T21:07:46.105Z] Data is 3063444
[debug] [2023-05-26T21:07:46.106Z] [unzip] Entry: client/ (compressed_size=0 bytes, uncompressed_size=0 bytes)
[debug] [2023-05-26T21:07:46.106Z] [unzip] Processing entry: client\
[debug] [2023-05-26T21:07:46.106Z] [unzip] mkdir: C:\Users\aubair.akif\.cache\firebase\emulators\ui-v1.11.6\client\
[debug] [2023-05-26T21:07:46.108Z] [unzip] Entry: client/favicon.ico (compressed_size=2497 bytes, uncompressed_size=7406 bytes)
[debug] [2023-05-26T21:07:46.108Z] [unzip] Processing entry: client\favicon.ico
[debug] [2023-05-26T21:07:46.108Z] [unzip] else mkdir: C:\Users\aubair.akif\.cache\firebase\emulators\ui-v1.11.6\client
[debug] [2023-05-26T21:07:46.108Z] [unzip] deflating: C:\Users\aubair.akif\.cache\firebase\emulators\ui-v1.11.6\client\favicon.ico
[debug] [2023-05-26T21:07:46.116Z] [unzip] Entry: client/apple-touch-icon.png (compressed_size=7231 bytes, uncompressed_size=7367 bytes)
[debug] [2023-05-26T21:07:46.116Z] [unzip] Processing entry: client\apple-touch-icon.png
[debug] [2023-05-26T21:07:46.116Z] [unzip] else mkdir: C:\Users\aubair.akif\.cache\firebase\emulators\ui-v1.11.6\client
[debug] [2023-05-26T21:07:46.117Z] [unzip] deflating: C:\Users\aubair.akif\.cache\firebase\emulators\ui-v1.11.6\client\apple-touch-icon.png
[debug] [2023-05-26T21:07:46.119Z] [unzip] Entry: client/android-chrome-512x512.png (compressed_size=16987 bytes, uncompressed_size=18186 bytes)
[debug] [2023-05-26T21:07:46.119Z] [unzip] Processing entry: client\android-chrome-512x512.png
[debug] [2023-05-26T21:07:46.119Z] [unzip] else mkdir: C:\Users\aubair.akif\.cache\firebase\emulators\ui-v1.11.6\client
[debug] [2023-05-26T21:07:46.119Z] [unzip] deflating: C:\Users\aubair.akif\.cache\firebase\emulators\ui-v1.11.6\client\android-chrome-512x512.png
[debug] [2023-05-26T21:07:46.121Z] [unzip] Entry: client/assets/ (compressed_size=0 bytes, uncompressed_size=0 bytes)
[debug] [2023-05-26T21:07:46.122Z] [unzip] Processing entry: client\assets\
[debug] [2023-05-26T21:07:46.122Z] [unzip] mkdir: C:\Users\aubair.akif\.cache\firebase\emulators\ui-v1.11.6\client\assets\
[debug] [2023-05-26T21:07:46.123Z] [unzip] Entry: client/assets/extensions/ (compressed_size=0 bytes, uncompressed_size=0 bytes)
[debug] [2023-05-26T21:07:46.123Z] [unzip] Processing entry: client\assets\extensions\
[debug] [2023-05-26T21:07:46.123Z] [unzip] mkdir: C:\Users\aubair.akif\.cache\firebase\emulators\ui-v1.11.6\client\assets\extensions\
[debug] [2023-05-26T21:07:46.125Z] [unzip] Entry: client/assets/extensions/default-extension.png (compressed_size=1646 bytes, uncompressed_size=1657 bytes)
[debug] [2023-05-26T21:07:46.125Z] [unzip] Processing entry: client\assets\extensions\default-extension.png
[debug] [2023-05-26T21:07:46.125Z] [unzip] else mkdir: C:\Users\aubair.akif\.cache\firebase\emulators\ui-v1.11.6\client\assets\extensions
[debug] [2023-05-26T21:07:46.125Z] [unzip] deflating: C:\Users\aubair.akif\.cache\firebase\emulators\ui-v1.11.6\client\assets\extensions\default-extension.png
[debug] [2023-05-26T21:07:46.129Z] [unzip] Entry: client/assets/index.85584c3f.js (compressed_size=526096 bytes, uncompressed_size=1859818 bytes)
[debug] [2023-05-26T21:07:46.129Z] [unzip] Processing entry: client\assets\index.85584c3f.js
[debug] [2023-05-26T21:07:46.129Z] [unzip] else mkdir: C:\Users\aubair.akif\.cache\firebase\emulators\ui-v1.11.6\client\assets
[debug] [2023-05-26T21:07:46.130Z] [unzip] deflating: C:\Users\aubair.akif\.cache\firebase\emulators\ui-v1.11.6\client\assets\index.85584c3f.js
[debug] [2023-05-26T21:07:46.192Z] [unzip] Entry: client/assets/provider-icons/ (compressed_size=0 bytes, uncompressed_size=0 bytes)
[debug] [2023-05-26T21:07:46.193Z] [unzip] Processing entry: client\assets\provider-icons\
[debug] [2023-05-26T21:07:46.193Z] [unzip] mkdir: C:\Users\aubair.akif\.cache\firebase\emulators\ui-v1.11.6\client\assets\provider-icons\
[debug] [2023-05-26T21:07:46.193Z] [unzip] Entry: client/assets/provider-icons/auth_service_oidc.svg (compressed_size=414 bytes, uncompressed_size=858 bytes)
[debug] [2023-05-26T21:07:46.194Z] [unzip] Processing entry: client\assets\provider-icons\auth_service_oidc.svg
[debug] [2023-05-26T21:07:46.194Z] [unzip] else mkdir: C:\Users\aubair.akif\.cache\firebase\emulators\ui-v1.11.6\client\assets\provider-icons
[debug] [2023-05-26T21:07:46.194Z] [unzip] deflating: C:\Users\aubair.akif\.cache\firebase\emulators\ui-v1.11.6\client\assets\provider-icons\auth_service_oidc.svg
[debug] [2023-05-26T21:07:46.197Z] [unzip] Entry: client/assets/provider-icons/auth_service_yahoo.svg (compressed_size=577 bytes, uncompressed_size=1182 bytes)
[debug] [2023-05-26T21:07:46.197Z] [unzip] Processing entry: client\assets\provider-icons\auth_service_yahoo.svg
[debug] [2023-05-26T21:07:46.197Z] [unzip] else mkdir: C:\Users\aubair.akif\.cache\firebase\emulators\ui-v1.11.6\client\assets\provider-icons
[debug] [2023-05-26T21:07:46.197Z] [unzip] deflating: C:\Users\aubair.akif\.cache\firebase\emulators\ui-v1.11.6\client\assets\provider-icons\auth_service_yahoo.svg
[debug] [2023-05-26T21:07:46.200Z] [unzip] Entry: client/assets/provider-icons/auth_service_phone.svg (compressed_size=261 bytes, uncompressed_size=414 bytes)
[debug] [2023-05-26T21:07:46.200Z] [unzip] Processing entry: client\assets\provider-icons\auth_service_phone.svg
[debug] [2023-05-26T21:07:46.200Z] [unzip] else mkdir: C:\Users\aubair.akif\.cache\firebase\emulators\ui-v1.11.6\client\assets\provider-icons
[debug] [2023-05-26T21:07:46.201Z] [unzip] deflating: C:\Users\aubair.akif\.cache\firebase\emulators\ui-v1.11.6\client\assets\provider-icons\auth_service_phone.svg
[debug] [2023-05-26T21:07:46.204Z] [unzip] Entry: client/assets/provider-icons/auth_service_saml.svg (compressed_size=575 bytes, uncompressed_size=1226 bytes)
[debug] [2023-05-26T21:07:46.204Z] [unzip] Processing entry: client\assets\provider-icons\auth_service_saml.svg
[debug] [2023-05-26T21:07:46.204Z] [unzip] else mkdir: C:\Users\aubair.akif\.cache\firebase\emulators\ui-v1.11.6\client\assets\provider-icons
[debug] [2023-05-26T21:07:46.204Z] [unzip] deflating: C:\Users\aubair.akif\.cache\firebase\emulators\ui-v1.11.6\client\assets\provider-icons\auth_service_saml.svg
[debug] [2023-05-26T21:07:46.207Z] [unzip] Entry: client/assets/provider-icons/auth_service_mslive.svg (compressed_size=203 bytes, uncompressed_size=378 bytes)
[debug] [2023-05-26T21:07:46.208Z] [unzip] Processing entry: client\assets\provider-icons\auth_service_mslive.svg
[debug] [2023-05-26T21:07:46.208Z] [unzip] else mkdir: C:\Users\aubair.akif\.cache\firebase\emulators\ui-v1.11.6\client\assets\provider-icons
[debug] [2023-05-26T21:07:46.208Z] [unzip] deflating: C:\Users\aubair.akif\.cache\firebase\emulators\ui-v1.11.6\client\assets\provider-icons\auth_service_mslive.svg
[debug] [2023-05-26T21:07:46.212Z] [unzip] Entry: client/assets/provider-icons/auth_service_facebook.svg (compressed_size=289 bytes, uncompressed_size=457 bytes)
[debug] [2023-05-26T21:07:46.212Z] [unzip] Processing entry: client\assets\provider-icons\auth_service_facebook.svg
[debug] [2023-05-26T21:07:46.212Z] [unzip] else mkdir: C:\Users\aubair.akif\.cache\firebase\emulators\ui-v1.11.6\client\assets\provider-icons
[debug] [2023-05-26T21:07:46.213Z] [unzip] deflating: C:\Users\aubair.akif\.cache\firebase\emulators\ui-v1.11.6\client\assets\provider-icons\auth_service_facebook.svg
[debug] [2023-05-26T21:07:46.215Z] [unzip] Entry: client/assets/provider-icons/auth_service_play_games.svg (compressed_size=565 bytes, uncompressed_size=1173 bytes)
[debug] [2023-05-26T21:07:46.215Z] [unzip] Processing entry: client\assets\provider-icons\auth_service_play_games.svg
[debug] [2023-05-26T21:07:46.215Z] [unzip] else mkdir: C:\Users\aubair.akif\.cache\firebase\emulators\ui-v1.11.6\client\assets\provider-icons
[debug] [2023-05-26T21:07:46.216Z] [unzip] deflating: C:\Users\aubair.akif\.cache\firebase\emulators\ui-v1.11.6\client\assets\provider-icons\auth_service_play_games.svg
[debug] [2023-05-26T21:07:46.218Z] [unzip] Entry: client/assets/provider-icons/auth_service_github.svg (compressed_size=466 bytes, uncompressed_size=838 bytes)
[debug] [2023-05-26T21:07:46.218Z] [unzip] Processing entry: client\assets\provider-icons\auth_service_github.svg
[debug] [2023-05-26T21:07:46.218Z] [unzip] else mkdir: C:\Users\aubair.akif\.cache\firebase\emulators\ui-v1.11.6\client\assets\provider-icons
[debug] [2023-05-26T21:07:46.219Z] [unzip] deflating: C:\Users\aubair.akif\.cache\firebase\emulators\ui-v1.11.6\client\assets\provider-icons\auth_service_github.svg
[debug] [2023-05-26T21:07:46.221Z] [unzip] Entry: client/assets/provider-icons/auth_service_apple.svg (compressed_size=230 bytes, uncompressed_size=334 bytes)
[debug] [2023-05-26T21:07:46.221Z] [unzip] Processing entry: client\assets\provider-icons\auth_service_apple.svg
[debug] [2023-05-26T21:07:46.221Z] [unzip] else mkdir: C:\Users\aubair.akif\.cache\firebase\emulators\ui-v1.11.6\client\assets\provider-icons
[debug] [2023-05-26T21:07:46.222Z] [unzip] deflating: C:\Users\aubair.akif\.cache\firebase\emulators\ui-v1.11.6\client\assets\provider-icons\auth_service_apple.svg
[debug] [2023-05-26T21:07:46.223Z] [unzip] Entry: client/assets/provider-icons/auth_service_google.svg (compressed_size=409 bytes, uncompressed_size=720 bytes)
[debug] [2023-05-26T21:07:46.224Z] [unzip] Processing entry: client\assets\provider-icons\auth_service_google.svg
[debug] [2023-05-26T21:07:46.224Z] [unzip] else mkdir: C:\Users\aubair.akif\.cache\firebase\emulators\ui-v1.11.6\client\assets\provider-icons
[debug] [2023-05-26T21:07:46.224Z] [unzip] deflating: C:\Users\aubair.akif\.cache\firebase\emulators\ui-v1.11.6\client\assets\provider-icons\auth_service_google.svg
[debug] [2023-05-26T21:07:46.227Z] [unzip] Entry: client/assets/provider-icons/auth_service_email.svg (compressed_size=228 bytes, uncompressed_size=326 bytes)
[debug] [2023-05-26T21:07:46.227Z] [unzip] Processing entry: client\assets\provider-icons\auth_service_email.svg
[debug] [2023-05-26T21:07:46.227Z] [unzip] else mkdir: C:\Users\aubair.akif\.cache\firebase\emulators\ui-v1.11.6\client\assets\provider-icons
[debug] [2023-05-26T21:07:46.227Z] [unzip] deflating: C:\Users\aubair.akif\.cache\firebase\emulators\ui-v1.11.6\client\assets\provider-icons\auth_service_email.svg
[debug] [2023-05-26T21:07:46.229Z] [unzip] Entry: client/assets/provider-icons/auth_service_twitter.svg (compressed_size=444 bytes, uncompressed_size=751 bytes)
[debug] [2023-05-26T21:07:46.229Z] [unzip] Processing entry: client\assets\provider-icons\auth_service_twitter.svg
[debug] [2023-05-26T21:07:46.229Z] [unzip] else mkdir: C:\Users\aubair.akif\.cache\firebase\emulators\ui-v1.11.6\client\assets\provider-icons
[debug] [2023-05-26T21:07:46.229Z] [unzip] deflating: C:\Users\aubair.akif\.cache\firebase\emulators\ui-v1.11.6\client\assets\provider-icons\auth_service_twitter.svg
[debug] [2023-05-26T21:07:46.231Z] [unzip] Entry: client/assets/provider-icons/auth_service_game_center.svg (compressed_size=991 bytes, uncompressed_size=3921 bytes)
[debug] [2023-05-26T21:07:46.231Z] [unzip] Processing entry: client\assets\provider-icons\auth_service_game_center.svg
[debug] [2023-05-26T21:07:46.231Z] [unzip] else mkdir: C:\Users\aubair.akif\.cache\firebase\emulators\ui-v1.11.6\client\assets\provider-icons
[debug] [2023-05-26T21:07:46.232Z] [unzip] deflating: C:\Users\aubair.akif\.cache\firebase\emulators\ui-v1.11.6\client\assets\provider-icons\auth_service_game_center.svg
[debug] [2023-05-26T21:07:46.234Z] [unzip] Entry: client/assets/img/ (compressed_size=0 bytes, uncompressed_size=0 bytes)
[debug] [2023-05-26T21:07:46.235Z] [unzip] Processing entry: client\assets\img\
[debug] [2023-05-26T21:07:46.235Z] [unzip] mkdir: C:\Users\aubair.akif\.cache\firebase\emulators\ui-v1.11.6\client\assets\img\
[debug] [2023-05-26T21:07:46.236Z] [unzip] Entry: client/assets/img/database.png (compressed_size=29449 bytes, uncompressed_size=29988 bytes)
[debug] [2023-05-26T21:07:46.236Z] [unzip] Processing entry: client\assets\img\database.png
[debug] [2023-05-26T21:07:46.236Z] [unzip] else mkdir: C:\Users\aubair.akif\.cache\firebase\emulators\ui-v1.11.6\client\assets\img
[debug] [2023-05-26T21:07:46.237Z] [unzip] deflating: C:\Users\aubair.akif\.cache\firebase\emulators\ui-v1.11.6\client\assets\img\database.png
[debug] [2023-05-26T21:07:46.238Z] [unzip] Entry: client/assets/index.b9383ce5.css (compressed_size=37605 bytes, uncompressed_size=321268 bytes)
[debug] [2023-05-26T21:07:46.238Z] [unzip] Processing entry: client\assets\index.b9383ce5.css
[debug] [2023-05-26T21:07:46.239Z] [unzip] else mkdir: C:\Users\aubair.akif\.cache\firebase\emulators\ui-v1.11.6\client\assets
[debug] [2023-05-26T21:07:46.239Z] [unzip] deflating: C:\Users\aubair.akif\.cache\firebase\emulators\ui-v1.11.6\client\assets\index.b9383ce5.css
[debug] [2023-05-26T21:07:46.247Z] [unzip] Entry: client/assets/index.85584c3f.js.map (compressed_size=1778028 bytes, uncompressed_size=7960238 bytes)
[debug] [2023-05-26T21:07:46.248Z] [unzip] Processing entry: client\assets\index.85584c3f.js.map
[debug] [2023-05-26T21:07:46.248Z] [unzip] else mkdir: C:\Users\aubair.akif\.cache\firebase\emulators\ui-v1.11.6\client\assets
[debug] [2023-05-26T21:07:46.249Z] [unzip] deflating: C:\Users\aubair.akif\.cache\firebase\emulators\ui-v1.11.6\client\assets\index.85584c3f.js.map
[debug] [2023-05-26T21:07:46.322Z] [unzip] Entry: client/safari-pinned-tab.svg (compressed_size=838 bytes, uncompressed_size=1504 bytes)
[debug] [2023-05-26T21:07:46.322Z] [unzip] Processing entry: client\safari-pinned-tab.svg
[debug] [2023-05-26T21:07:46.322Z] [unzip] else mkdir: C:\Users\aubair.akif\.cache\firebase\emulators\ui-v1.11.6\client
[debug] [2023-05-26T21:07:46.323Z] [unzip] deflating: C:\Users\aubair.akif\.cache\firebase\emulators\ui-v1.11.6\client\safari-pinned-tab.svg
[debug] [2023-05-26T21:07:46.326Z] [unzip] Entry: client/mstile-150x150.png (compressed_size=5406 bytes, uncompressed_size=5723 bytes)
[debug] [2023-05-26T21:07:46.327Z] [unzip] Processing entry: client\mstile-150x150.png
[debug] [2023-05-26T21:07:46.327Z] [unzip] else mkdir: C:\Users\aubair.akif\.cache\firebase\emulators\ui-v1.11.6\client
[debug] [2023-05-26T21:07:46.327Z] [unzip] deflating: C:\Users\aubair.akif\.cache\firebase\emulators\ui-v1.11.6\client\mstile-150x150.png
[debug] [2023-05-26T21:07:46.329Z] [unzip] Entry: client/browserconfig.xml (compressed_size=491 bytes, uncompressed_size=822 bytes)
[debug] [2023-05-26T21:07:46.329Z] [unzip] Processing entry: client\browserconfig.xml
[debug] [2023-05-26T21:07:46.329Z] [unzip] else mkdir: C:\Users\aubair.akif\.cache\firebase\emulators\ui-v1.11.6\client
[debug] [2023-05-26T21:07:46.330Z] [unzip] deflating: C:\Users\aubair.akif\.cache\firebase\emulators\ui-v1.11.6\client\browserconfig.xml
[debug] [2023-05-26T21:07:46.333Z] [unzip] Entry: client/robots.txt (compressed_size=26 bytes, uncompressed_size=26 bytes)
[debug] [2023-05-26T21:07:46.333Z] [unzip] Processing entry: client\robots.txt
[debug] [2023-05-26T21:07:46.333Z] [unzip] else mkdir: C:\Users\aubair.akif\.cache\firebase\emulators\ui-v1.11.6\client
[debug] [2023-05-26T21:07:46.334Z] [unzip] Writing file: C:\Users\aubair.akif\.cache\firebase\emulators\ui-v1.11.6\client\robots.txt
[debug] [2023-05-26T21:07:46.337Z] [unzip] Entry: client/index.html (compressed_size=1363 bytes, uncompressed_size=3064 bytes)
[debug] [2023-05-26T21:07:46.338Z] [unzip] Processing entry: client\index.html
[debug] [2023-05-26T21:07:46.338Z] [unzip] else mkdir: C:\Users\aubair.akif\.cache\firebase\emulators\ui-v1.11.6\client
[debug] [2023-05-26T21:07:46.338Z] [unzip] deflating: C:\Users\aubair.akif\.cache\firebase\emulators\ui-v1.11.6\client\index.html
[debug] [2023-05-26T21:07:46.341Z] [unzip] Entry: client/favicon-16x16.png (compressed_size=757 bytes, uncompressed_size=777 bytes)
[debug] [2023-05-26T21:07:46.341Z] [unzip] Processing entry: client\favicon-16x16.png
[debug] [2023-05-26T21:07:46.341Z] [unzip] else mkdir: C:\Users\aubair.akif\.cache\firebase\emulators\ui-v1.11.6\client
[debug] [2023-05-26T21:07:46.341Z] [unzip] deflating: C:\Users\aubair.akif\.cache\firebase\emulators\ui-v1.11.6\client\favicon-16x16.png
[debug] [2023-05-26T21:07:46.343Z] [unzip] Entry: client/manifest.json (compressed_size=246 bytes, uncompressed_size=551 bytes)
[debug] [2023-05-26T21:07:46.343Z] [unzip] Processing entry: client\manifest.json
[debug] [2023-05-26T21:07:46.343Z] [unzip] else mkdir: C:\Users\aubair.akif\.cache\firebase\emulators\ui-v1.11.6\client
[debug] [2023-05-26T21:07:46.344Z] [unzip] deflating: C:\Users\aubair.akif\.cache\firebase\emulators\ui-v1.11.6\client\manifest.json
[debug] [2023-05-26T21:07:46.346Z] [unzip] Entry: client/favicon-32x32.png (compressed_size=1175 bytes, uncompressed_size=1175 bytes)
[debug] [2023-05-26T21:07:46.346Z] [unzip] Processing entry: client\favicon-32x32.png
[debug] [2023-05-26T21:07:46.346Z] [unzip] else mkdir: C:\Users\aubair.akif\.cache\firebase\emulators\ui-v1.11.6\client
[debug] [2023-05-26T21:07:46.347Z] [unzip] Writing file: C:\Users\aubair.akif\.cache\firebase\emulators\ui-v1.11.6\client\favicon-32x32.png
[debug] [2023-05-26T21:07:46.348Z] [unzip] Entry: client/android-chrome-192x192.png (compressed_size=7602 bytes, uncompressed_size=7834 bytes)
[debug] [2023-05-26T21:07:46.348Z] [unzip] Processing entry: client\android-chrome-192x192.png
[debug] [2023-05-26T21:07:46.348Z] [unzip] else mkdir: C:\Users\aubair.akif\.cache\firebase\emulators\ui-v1.11.6\client
[debug] [2023-05-26T21:07:46.349Z] [unzip] deflating: C:\Users\aubair.akif\.cache\firebase\emulators\ui-v1.11.6\client\android-chrome-192x192.png
[debug] [2023-05-26T21:07:46.351Z] [unzip] Entry: server/ (compressed_size=0 bytes, uncompressed_size=0 bytes)
[debug] [2023-05-26T21:07:46.351Z] [unzip] Processing entry: server\
[debug] [2023-05-26T21:07:46.351Z] [unzip] mkdir: C:\Users\aubair.akif\.cache\firebase\emulators\ui-v1.11.6\server\
[debug] [2023-05-26T21:07:46.352Z] [unzip] Entry: server/server.js (compressed_size=343746 bytes, uncompressed_size=1346374 bytes)
[debug] [2023-05-26T21:07:46.352Z] [unzip] Processing entry: server\server.js
[debug] [2023-05-26T21:07:46.352Z] [unzip] else mkdir: C:\Users\aubair.akif\.cache\firebase\emulators\ui-v1.11.6\server
[debug] [2023-05-26T21:07:46.353Z] [unzip] deflating: C:\Users\aubair.akif\.cache\firebase\emulators\ui-v1.11.6\server\server.js
[debug] [2023-05-26T21:07:46.405Z] [unzip] Entry: server/server.js.map (compressed_size=289157 bytes, uncompressed_size=1325651 bytes)
[debug] [2023-05-26T21:07:46.405Z] [unzip] Processing entry: server\server.js.map
[debug] [2023-05-26T21:07:46.405Z] [unzip] else mkdir: C:\Users\aubair.akif\.cache\firebase\emulators\ui-v1.11.6\server
[debug] [2023-05-26T21:07:46.405Z] [unzip] deflating: C:\Users\aubair.akif\.cache\firebase\emulators\ui-v1.11.6\server\server.js.map
[debug] [2023-05-26T21:07:46.419Z] Ignoring unsupported arg: auto_download {"metadata":{"emulator":{"name":"ui"},"message":"Ignoring unsupported arg: auto_download"}}
[debug] [2023-05-26T21:07:46.419Z] Ignoring unsupported arg: port {"metadata":{"emulator":{"name":"ui"},"message":"Ignoring unsupported arg: port"}}
[debug] [2023-05-26T21:07:46.419Z] Starting Emulator UI with command {"binary":"node","args":["C:\\Users\\aubair.akif\\.cache\\firebase\\emulators\\ui-v1.11.6\\server\\server.js"],"optionalArgs":[],"joinArgs":false} {"metadata":{"emulator":{"name":"ui"},"message":"Starting Emulator UI with command {\"binary\":\"node\",\"args\":[\"C:\\\\Users\\\\aubair.akif\\\\.cache\\\\firebase\\\\emulators\\\\ui-v1.11.6\\\\server\\\\server.js\"],\"optionalArgs\":[],\"joinArgs\":false}"}}
[info] i  ui: Emulator UI logging to ui-debug.log {"metadata":{"emulator":{"name":"ui"},"message":"Emulator UI logging to \u001b[1mui-debug.log\u001b[22m"}}
[debug] [2023-05-26T21:07:47.048Z] Web / API server started at 127.0.0.1:4000
 {"metadata":{"emulator":{"name":"ui"},"message":"Web / API server started at 127.0.0.1:4000\n"}}
[debug] [2023-05-26T21:07:47.048Z] Web / API server started at ::1:4000
 {"metadata":{"emulator":{"name":"ui"},"message":"Web / API server started at ::1:4000\n"}}
[info] i  functions: Watching "D:\React javascript\Amazon-clone\amazonclone\functions" for Cloud Functions... {"metadata":{"emulator":{"name":"functions"},"message":"Watching \"D:\\React javascript\\Amazon-clone\\amazonclone\\functions\" for Cloud Functions..."}}
[debug] [2023-05-26T21:07:47.105Z] Validating nodejs source
[debug] [2023-05-26T21:07:51.270Z] > [functions] package.json contents: {
  "name": "functions",
  "description": "Cloud Functions for Firebase",
  "scripts": {
    "lint": "eslint .",
    "serve": "firebase emulators:start --only functions",
    "shell": "firebase functions:shell",
    "start": "npm run shell",
    "deploy": "firebase deploy --only functions",
    "logs": "firebase functions:log"
  },
  "engines": {
    "node": "18"
  },
  "main": "index.js",
  "dependencies": {
    "cors": "^2.8.5",
    "express": "^4.18.2",
    "firebase-admin": "^11.8.0",
    "firebase-functions": "^4.3.1",
    "stripe": "^12.7.0"
  },
  "devDependencies": {
    "eslint": "^8.15.0",
    "eslint-config-google": "^0.14.0",
    "firebase-functions-test": "^3.1.0"
  },
  "private": true
}
[debug] [2023-05-26T21:07:51.270Z] Building nodejs source
[debug] [2023-05-26T21:07:51.271Z] Failed to find version of module node: reached end of search path D:\React javascript\Amazon-clone\amazonclone\functions\node_modules
[info] +  functions: Using node@18 from host. 
[debug] [2023-05-26T21:07:51.276Z] Could not find functions.yaml. Must use http discovery
[debug] [2023-05-26T21:07:51.293Z] Found firebase-functions binary at 'D:\React javascript\Amazon-clone\amazonclone\functions\node_modules\.bin\firebase-functions'
[debug] [2023-05-26T21:07:52.455Z] Serving at port 8434

[debug] [2023-05-26T21:07:53.322Z] Got response from /__/functions.yaml {"endpoints":{"api":{"platform":"gcfv1","availableMemoryMb":null,"timeoutSeconds":null,"minInstances":null,"maxInstances":null,"ingressSettings":null,"serviceAccountEmail":null,"vpc":null,"httpsTrigger":{},"entryPoint":"api"}},"specVersion":"v1alpha1","requiredAPIs":[]}
[debug] [2023-05-26T21:07:53.334Z] shutdown requested via /__/quitquitquit

[info] +  functions: Loaded functions definitions from source: api. {"metadata":{"emulator":{"name":"functions"},"message":"Loaded functions definitions from source: api."}}
[info] +  functions[us-central1-api]: http function initialized (http://127.0.0.1:5001/clone-f6602/us-central1/api). {"metadata":{"emulator":{"name":"functions"},"message":"\u001b[1mhttp\u001b[22m function initialized (http://127.0.0.1:5001/clone-f6602/us-central1/api)."}}
[info] 
┌─────────────────────────────────────────────────────────────┐
│ ✔  All emulators ready! It is now safe to connect your app. │
│ i  View Emulator UI at http://127.0.0.1:4000/               │
└─────────────────────────────────────────────────────────────┘

┌───────────┬────────────────┬─────────────────────────────────┐
│ Emulator  │ Host:Port      │ View in Emulator UI             │
├───────────┼────────────────┼─────────────────────────────────┤
│ Functions │ 127.0.0.1:5001 │ http://127.0.0.1:4000/functions │
├───────────┼────────────────┼─────────────────────────────────┤
│ Hosting   │ 127.0.0.1:5000 │ n/a                             │
└───────────┴────────────────┴─────────────────────────────────┘
  Emulator Hub running at 127.0.0.1:4400
  Other reserved ports: 4500

Issues? Report them at https://github.com/firebase/firebase-tools/issues and attach the *-debug.log files.
 
[info] i  hosting: 127.0.0.1 - - [26/May/2023:21:09:53 +0000] "GET / HTTP/1.1" 200 644 "-" "Mozilla/5.0 (Windows NT 10.0; Win64; x64) AppleWebKit/537.36 (KHTML, like Gecko) Chrome/113.0.0.0 Safari/537.36" {"metadata":{"emulator":{"name":"hosting"},"message":"127.0.0.1 - - [26/May/2023:21:09:53 +0000] \"GET / HTTP/1.1\" 200 644 \"-\" \"Mozilla/5.0 (Windows NT 10.0; Win64; x64) AppleWebKit/537.36 (KHTML, like Gecko) Chrome/113.0.0.0 Safari/537.36\""}}
[info] i  hosting: 127.0.0.1 - - [26/May/2023:21:09:53 +0000] "GET /static/css/main.2e7799d4.css HTTP/1.1" 200 - "http://localhost:5000/" "Mozilla/5.0 (Windows NT 10.0; Win64; x64) AppleWebKit/537.36 (KHTML, like Gecko) Chrome/113.0.0.0 Safari/537.36" {"metadata":{"emulator":{"name":"hosting"},"message":"127.0.0.1 - - [26/May/2023:21:09:53 +0000] \"GET /static/css/main.2e7799d4.css HTTP/1.1\" 200 - \"http://localhost:5000/\" \"Mozilla/5.0 (Windows NT 10.0; Win64; x64) AppleWebKit/537.36 (KHTML, like Gecko) Chrome/113.0.0.0 Safari/537.36\""}}
[info] i  hosting: 127.0.0.1 - - [26/May/2023:21:09:53 +0000] "GET /static/js/main.74883b67.js HTTP/1.1" 200 - "http://localhost:5000/" "Mozilla/5.0 (Windows NT 10.0; Win64; x64) AppleWebKit/537.36 (KHTML, like Gecko) Chrome/113.0.0.0 Safari/537.36" {"metadata":{"emulator":{"name":"hosting"},"message":"127.0.0.1 - - [26/May/2023:21:09:53 +0000] \"GET /static/js/main.74883b67.js HTTP/1.1\" 200 - \"http://localhost:5000/\" \"Mozilla/5.0 (Windows NT 10.0; Win64; x64) AppleWebKit/537.36 (KHTML, like Gecko) Chrome/113.0.0.0 Safari/537.36\""}}
[info] i  hosting: 127.0.0.1 - - [26/May/2023:21:09:55 +0000] "GET /favicon.ico HTTP/1.1" 200 - "http://localhost:5000/" "Mozilla/5.0 (Windows NT 10.0; Win64; x64) AppleWebKit/537.36 (KHTML, like Gecko) Chrome/113.0.0.0 Safari/537.36" {"metadata":{"emulator":{"name":"hosting"},"message":"127.0.0.1 - - [26/May/2023:21:09:55 +0000] \"GET /favicon.ico HTTP/1.1\" 200 - \"http://localhost:5000/\" \"Mozilla/5.0 (Windows NT 10.0; Win64; x64) AppleWebKit/537.36 (KHTML, like Gecko) Chrome/113.0.0.0 Safari/537.36\""}}
[info] i  hosting: 127.0.0.1 - - [26/May/2023:21:09:55 +0000] "GET /manifest.json HTTP/1.1" 200 492 "http://localhost:5000/" "Mozilla/5.0 (Windows NT 10.0; Win64; x64) AppleWebKit/537.36 (KHTML, like Gecko) Chrome/113.0.0.0 Safari/537.36" {"metadata":{"emulator":{"name":"hosting"},"message":"127.0.0.1 - - [26/May/2023:21:09:55 +0000] \"GET /manifest.json HTTP/1.1\" 200 492 \"http://localhost:5000/\" \"Mozilla/5.0 (Windows NT 10.0; Win64; x64) AppleWebKit/537.36 (KHTML, like Gecko) Chrome/113.0.0.0 Safari/537.36\""}}
[info] i  hosting: 127.0.0.1 - - [26/May/2023:21:09:55 +0000] "GET /logo192.png HTTP/1.1" 200 5347 "http://localhost:5000/" "Mozilla/5.0 (Windows NT 10.0; Win64; x64) AppleWebKit/537.36 (KHTML, like Gecko) Chrome/113.0.0.0 Safari/537.36" {"metadata":{"emulator":{"name":"hosting"},"message":"127.0.0.1 - - [26/May/2023:21:09:55 +0000] \"GET /logo192.png HTTP/1.1\" 200 5347 \"http://localhost:5000/\" \"Mozilla/5.0 (Windows NT 10.0; Win64; x64) AppleWebKit/537.36 (KHTML, like Gecko) Chrome/113.0.0.0 Safari/537.36\""}}
[debug] [2023-05-26T21:10:06.757Z] Functions emulator received unknown request at path /
[debug] [2023-05-26T21:10:06.789Z] Functions emulator received unknown request at path /favicon.ico
[debug] [2023-05-26T21:12:49.033Z] File D:\React javascript\Amazon-clone\amazonclone\functions\index.js changed, reloading triggers {"metadata":{"emulator":{"name":"functions"},"message":"File D:\\React javascript\\Amazon-clone\\amazonclone\\functions\\index.js changed, reloading triggers"}}
